[debug] [2022-03-21T08:27:26.646Z] ----------------------------------------------------------------------
[debug] [2022-03-21T08:27:26.649Z] Command:       /home/rohit/.nvm/versions/node/v16.13.1/bin/node /home/rohit/.nvm/versions/node/v16.13.1/bin/firebase deploy
[debug] [2022-03-21T08:27:26.649Z] CLI Version:   10.2.0
[debug] [2022-03-21T08:27:26.650Z] Platform:      linux
[debug] [2022-03-21T08:27:26.650Z] Node Version:  v16.13.1
[debug] [2022-03-21T08:27:26.682Z] Time:          Mon Mar 21 2022 13:57:26 GMT+0530 (India Standard Time)
[debug] [2022-03-21T08:27:26.683Z] ----------------------------------------------------------------------
[debug] 
[debug] [2022-03-21T08:27:26.688Z] >>> [apiv2][query] GET https://firebase-public.firebaseio.com/cli.json [none]
[debug] [2022-03-21T08:27:26.910Z] > command requires scopes: ["email","openid","https://www.googleapis.com/auth/cloudplatformprojects.readonly","https://www.googleapis.com/auth/firebase","https://www.googleapis.com/auth/cloud-platform"]
[debug] [2022-03-21T08:27:26.911Z] > authorizing via signed-in user (rohit0630kr@gmail.com)
[debug] [2022-03-21T08:27:26.911Z] [iam] checking project real-rohit for permissions ["firebase.projects.get","firebasehosting.sites.update"]
[debug] [2022-03-21T08:27:26.913Z] > refreshing access token with scopes: []
[debug] [2022-03-21T08:27:26.914Z] >>> HTTP REQUEST POST https://www.googleapis.com/oauth2/v3/token  
 <request body omitted>
[debug] [2022-03-21T08:27:27.277Z] <<< HTTP RESPONSE 200 {"pragma":"no-cache","expires":"Mon, 01 Jan 1990 00:00:00 GMT","cache-control":"no-cache, no-store, max-age=0, must-revalidate","date":"Mon, 21 Mar 2022 08:27:27 GMT","content-type":"application/json; charset=utf-8","vary":"X-Origin, Referer, Origin,Accept-Encoding","server":"scaffolding on HTTPServer2","x-xss-protection":"0","x-frame-options":"SAMEORIGIN","x-content-type-options":"nosniff","alt-svc":"h3=\":443\"; ma=2592000,h3-29=\":443\"; ma=2592000,h3-Q050=\":443\"; ma=2592000,h3-Q046=\":443\"; ma=2592000,h3-Q043=\":443\"; ma=2592000,quic=\":443\"; ma=2592000; v=\"46,43\"","accept-ranges":"none","transfer-encoding":"chunked"}
[debug] [2022-03-21T08:27:27.413Z] >>> [apiv2][query] POST https://cloudresourcemanager.googleapis.com/v1/projects/real-rohit:testIamPermissions [none]
[debug] [2022-03-21T08:27:27.414Z] >>> [apiv2][body] POST https://cloudresourcemanager.googleapis.com/v1/projects/real-rohit:testIamPermissions {"permissions":["firebase.projects.get","firebasehosting.sites.update"]}
[debug] [2022-03-21T08:27:28.057Z] <<< [apiv2][status] GET https://firebase-public.firebaseio.com/cli.json 200
[debug] [2022-03-21T08:27:28.057Z] <<< [apiv2][body] GET https://firebase-public.firebaseio.com/cli.json {"cloudBuildErrorAfter":1594252800000,"cloudBuildWarnAfter":1590019200000,"defaultNode10After":1594252800000,"minVersion":"3.0.5","node8DeploysDisabledAfter":1613390400000,"node8RuntimeDisabledAfter":1615809600000,"node8WarnAfter":1600128000000}
[debug] [2022-03-21T08:27:29.142Z] <<< [apiv2][status] POST https://cloudresourcemanager.googleapis.com/v1/projects/real-rohit:testIamPermissions 200
[debug] [2022-03-21T08:27:29.143Z] <<< [apiv2][body] POST https://cloudresourcemanager.googleapis.com/v1/projects/real-rohit:testIamPermissions {"permissions":["firebase.projects.get","firebasehosting.sites.update"]}
[debug] [2022-03-21T08:27:29.145Z] >>> [apiv2][query] GET https://firebase.googleapis.com/v1beta1/projects/real-rohit [none]
[debug] [2022-03-21T08:27:29.841Z] <<< [apiv2][status] GET https://firebase.googleapis.com/v1beta1/projects/real-rohit 200
[debug] [2022-03-21T08:27:29.842Z] <<< [apiv2][body] GET https://firebase.googleapis.com/v1beta1/projects/real-rohit {"projectId":"real-rohit","projectNumber":"523648441345","displayName":"real-rohit","name":"projects/real-rohit","resources":{"hostingSite":"real-rohit","realtimeDatabaseInstance":"real-rohit-default-rtdb","storageBucket":"real-rohit.appspot.com","locationId":"us-central"},"state":"ACTIVE"}
[info] 
[info] === Deploying to 'real-rohit'...
[info] 
[info] i  deploying hosting 
[debug] [2022-03-21T08:27:29.859Z] > refreshing access token with scopes: ["email","https://www.googleapis.com/auth/cloud-platform","https://www.googleapis.com/auth/cloudplatformprojects.readonly","https://www.googleapis.com/auth/firebase","openid"]
[debug] [2022-03-21T08:27:29.860Z] >>> HTTP REQUEST POST https://www.googleapis.com/oauth2/v3/token  
 <request body omitted>
[debug] [2022-03-21T08:27:30.219Z] <<< HTTP RESPONSE 200 {"expires":"Mon, 01 Jan 1990 00:00:00 GMT","pragma":"no-cache","cache-control":"no-cache, no-store, max-age=0, must-revalidate","date":"Mon, 21 Mar 2022 08:27:30 GMT","content-type":"application/json; charset=utf-8","vary":"X-Origin, Referer, Origin,Accept-Encoding","server":"scaffolding on HTTPServer2","x-xss-protection":"0","x-frame-options":"SAMEORIGIN","x-content-type-options":"nosniff","alt-svc":"h3=\":443\"; ma=2592000,h3-29=\":443\"; ma=2592000,h3-Q050=\":443\"; ma=2592000,h3-Q046=\":443\"; ma=2592000,h3-Q043=\":443\"; ma=2592000,quic=\":443\"; ma=2592000; v=\"46,43\"","accept-ranges":"none","transfer-encoding":"chunked"}
[debug] [2022-03-21T08:27:30.293Z] >>> HTTP REQUEST POST https://firebasehosting.googleapis.com/v1beta1/sites/real-rohit/versions  
 {"config":{},"labels":{"deployment-tool":"cli-firebase"}}
[debug] [2022-03-21T08:27:42.233Z] <<< HTTP RESPONSE 503 {"vary":"X-Origin, Referer, Origin,Accept-Encoding","content-type":"application/json; charset=UTF-8","date":"Mon, 21 Mar 2022 08:27:42 GMT","server":"ESF","cache-control":"private","x-xss-protection":"0","x-frame-options":"SAMEORIGIN","x-content-type-options":"nosniff","alt-svc":"h3=\":443\"; ma=2592000,h3-29=\":443\"; ma=2592000,h3-Q050=\":443\"; ma=2592000,h3-Q046=\":443\"; ma=2592000,h3-Q043=\":443\"; ma=2592000,quic=\":443\"; ma=2592000; v=\"46,43\"","accept-ranges":"none","transfer-encoding":"chunked"}
[debug] [2022-03-21T08:27:42.233Z] <<< HTTP RESPONSE BODY {"error":{"code":503,"message":"The service is currently unavailable.","status":"UNAVAILABLE"}}
[error] 
[error] Error: HTTP Error: 503, The service is currently unavailable.
[debug] [2022-03-21T08:27:42.941Z] Error Context: {
  "body": {
    "error": {
      "code": 503,
      "message": "The service is currently unavailable.",
      "status": "UNAVAILABLE"
    }
  },
  "response": {
    "statusCode": 503,
    "body": {
      "error": {
        "code": 503,
        "message": "The service is currently unavailable.",
        "status": "UNAVAILABLE"
      }
    },
    "headers": {
      "vary": "X-Origin, Referer, Origin,Accept-Encoding",
      "content-type": "application/json; charset=UTF-8",
      "date": "Mon, 21 Mar 2022 08:27:42 GMT",
      "server": "ESF",
      "cache-control": "private",
      "x-xss-protection": "0",
      "x-frame-options": "SAMEORIGIN",
      "x-content-type-options": "nosniff",
      "alt-svc": "h3=\":443\"; ma=2592000,h3-29=\":443\"; ma=2592000,h3-Q050=\":443\"; ma=2592000,h3-Q046=\":443\"; ma=2592000,h3-Q043=\":443\"; ma=2592000,quic=\":443\"; ma=2592000; v=\"46,43\"",
      "accept-ranges": "none",
      "transfer-encoding": "chunked"
    },
    "request": {
      "uri": {
        "protocol": "https:",
        "slashes": true,
        "auth": null,
        "host": "firebasehosting.googleapis.com",
        "port": 443,
        "hostname": "firebasehosting.googleapis.com",
        "hash": null,
        "search": null,
        "query": null,
        "pathname": "/v1beta1/sites/real-rohit/versions",
        "path": "/v1beta1/sites/real-rohit/versions",
        "href": "https://firebasehosting.googleapis.com/v1beta1/sites/real-rohit/versions"
      },
      "method": "POST"
    }
  }
}
